==10560== NVPROF is profiling process 10560, command: ./gpubf -tl tester.bf
16,6.151279  
==10560== Profiling application: ./gpubf -tl tester.bf
==10560== Profiling result:
   Start  Duration            Grid Size      Block Size     Regs*    SSMem*    DSMem*      Size  Throughput           Device   Context    Stream  Name
127.81ms  2.9760us                    -               -         -         -         -  20.804KB  6.9906GB/s  GeForce GTX 650         1         1  [CUDA memcpy HtoD]
128.08ms  6.15110s             (16 1 1)         (1 1 1)        29        0B        0B         -           -  GeForce GTX 650         1         1  kernel(int*, int*) [87]
6.27928s  2.0480us                    -               -         -         -         -       64B  31.250MB/s  GeForce GTX 650         1         1  [CUDA memcpy DtoH]

Regs: Number of registers used per CUDA thread.
SSMem: Static shared memory allocated per CUDA block.
DSMem: Dynamic shared memory allocated per CUDA block.
==10576== NVPROF is profiling process 10576, command: ./gpubf -tl tester.bf
32,6.326291  
==10576== Profiling application: ./gpubf -tl tester.bf
==10576== Profiling result:
   Start  Duration            Grid Size      Block Size     Regs*    SSMem*    DSMem*      Size  Throughput           Device   Context    Stream  Name
127.64ms  5.3760us                    -               -         -         -         -  41.604KB  7.7388GB/s  GeForce GTX 650         1         1  [CUDA memcpy HtoD]
127.91ms  6.32612s             (32 1 1)         (1 1 1)        29        0B        0B         -           -  GeForce GTX 650         1         1  kernel(int*, int*) [87]
6.45411s  2.4960us                    -               -         -         -         -      128B  51.282MB/s  GeForce GTX 650         1         1  [CUDA memcpy DtoH]

Regs: Number of registers used per CUDA thread.
SSMem: Static shared memory allocated per CUDA block.
DSMem: Dynamic shared memory allocated per CUDA block.
==10589== NVPROF is profiling process 10589, command: ./gpubf -tl tester.bf
48,6.584807  
==10589== Profiling application: ./gpubf -tl tester.bf
==10589== Profiling result:
   Start  Duration            Grid Size      Block Size     Regs*    SSMem*    DSMem*      Size  Throughput           Device   Context    Stream  Name
127.79ms  7.9040us                    -               -         -         -         -  62.404KB  7.8952GB/s  GeForce GTX 650         1         1  [CUDA memcpy HtoD]
128.06ms  6.58463s             (48 1 1)         (1 1 1)        29        0B        0B         -           -  GeForce GTX 650         1         1  kernel(int*, int*) [87]
6.71277s  2.4960us                    -               -         -         -         -      192B  76.923MB/s  GeForce GTX 650         1         1  [CUDA memcpy DtoH]

Regs: Number of registers used per CUDA thread.
SSMem: Static shared memory allocated per CUDA block.
DSMem: Dynamic shared memory allocated per CUDA block.
==10602== NVPROF is profiling process 10602, command: ./gpubf -tl tester.bf
64,6.759142  
==10602== Profiling application: ./gpubf -tl tester.bf
==10602== Profiling result:
   Start  Duration            Grid Size      Block Size     Regs*    SSMem*    DSMem*      Size  Throughput           Device   Context    Stream  Name
127.90ms  8.6080us                    -               -         -         -         -  83.204KB  9.6659GB/s  GeForce GTX 650         1         1  [CUDA memcpy HtoD]
128.17ms  6.75898s             (64 1 1)         (1 1 1)        29        0B        0B         -           -  GeForce GTX 650         1         1  kernel(int*, int*) [87]
6.88722s  2.4960us                    -               -         -         -         -      256B  102.56MB/s  GeForce GTX 650         1         1  [CUDA memcpy DtoH]

Regs: Number of registers used per CUDA thread.
SSMem: Static shared memory allocated per CUDA block.
DSMem: Dynamic shared memory allocated per CUDA block.
==10615== NVPROF is profiling process 10615, command: ./gpubf -tl tester.bf
80,12.677895 
==10615== Profiling application: ./gpubf -tl tester.bf
==10615== Profiling result:
   Start  Duration            Grid Size      Block Size     Regs*    SSMem*    DSMem*      Size  Throughput           Device   Context    Stream  Name
127.98ms  10.464us                    -               -         -         -         -  104.00KB  9.9392GB/s  GeForce GTX 650         1         1  [CUDA memcpy HtoD]
128.26ms  12.6778s             (80 1 1)         (1 1 1)        29        0B        0B         -           -  GeForce GTX 650         1         1  kernel(int*, int*) [87]
12.8061s  2.4640us                    -               -         -         -         -      320B  129.87MB/s  GeForce GTX 650         1         1  [CUDA memcpy DtoH]

Regs: Number of registers used per CUDA thread.
SSMem: Static shared memory allocated per CUDA block.
DSMem: Dynamic shared memory allocated per CUDA block.
==10628== NVPROF is profiling process 10628, command: ./gpubf -tl tester.bf
96,13.168056 
==10628== Profiling application: ./gpubf -tl tester.bf
==10628== Profiling result:
   Start  Duration            Grid Size      Block Size     Regs*    SSMem*    DSMem*      Size  Throughput           Device   Context    Stream  Name
127.66ms  12.096us                    -               -         -         -         -  124.80KB  10.318GB/s  GeForce GTX 650         1         1  [CUDA memcpy HtoD]
127.93ms  13.1679s             (96 1 1)         (1 1 1)        29        0B        0B         -           -  GeForce GTX 650         1         1  kernel(int*, int*) [87]
13.2959s  2.4640us                    -               -         -         -         -      384B  155.84MB/s  GeForce GTX 650         1         1  [CUDA memcpy DtoH]

Regs: Number of registers used per CUDA thread.
SSMem: Static shared memory allocated per CUDA block.
DSMem: Dynamic shared memory allocated per CUDA block.
==10641== NVPROF is profiling process 10641, command: ./gpubf -tl tester.bf
112,13.294699 
==10641== Profiling application: ./gpubf -tl tester.bf
==10641== Profiling result:
   Start  Duration            Grid Size      Block Size     Regs*    SSMem*    DSMem*      Size  Throughput           Device   Context    Stream  Name
127.91ms  13.376us                    -               -         -         -         -  145.60KB  10.886GB/s  GeForce GTX 650         1         1  [CUDA memcpy HtoD]
128.18ms  13.2946s            (112 1 1)         (1 1 1)        29        0B        0B         -           -  GeForce GTX 650         1         1  kernel(int*, int*) [87]
13.4228s  2.4960us                    -               -         -         -         -      448B  179.49MB/s  GeForce GTX 650         1         1  [CUDA memcpy DtoH]

Regs: Number of registers used per CUDA thread.
SSMem: Static shared memory allocated per CUDA block.
DSMem: Dynamic shared memory allocated per CUDA block.
==10654== NVPROF is profiling process 10654, command: ./gpubf -tl tester.bf
128,13.467660 
==10654== Profiling application: ./gpubf -tl tester.bf
==10654== Profiling result:
   Start  Duration            Grid Size      Block Size     Regs*    SSMem*    DSMem*      Size  Throughput           Device   Context    Stream  Name
128.37ms  15.200us                    -               -         -         -         -  166.40KB  10.948GB/s  GeForce GTX 650         1         1  [CUDA memcpy HtoD]
128.67ms  13.4675s            (128 1 1)         (1 1 1)        29        0B        0B         -           -  GeForce GTX 650         1         1  kernel(int*, int*) [87]
13.5963s  2.4960us                    -               -         -         -         -      512B  205.13MB/s  GeForce GTX 650         1         1  [CUDA memcpy DtoH]

Regs: Number of registers used per CUDA thread.
SSMem: Static shared memory allocated per CUDA block.
DSMem: Dynamic shared memory allocated per CUDA block.
==10667== NVPROF is profiling process 10667, command: ./gpubf -tl tester.bf
144,19.421300 
==10667== Profiling application: ./gpubf -tl tester.bf
==10667== Profiling result:
   Start  Duration            Grid Size      Block Size     Regs*    SSMem*    DSMem*      Size  Throughput           Device   Context    Stream  Name
127.96ms  16.832us                    -               -         -         -         -  187.20KB  11.122GB/s  GeForce GTX 650         1         1  [CUDA memcpy HtoD]
128.24ms  19.4212s            (144 1 1)         (1 1 1)        29        0B        0B         -           -  GeForce GTX 650         1         1  kernel(int*, int*) [87]
19.5495s  2.4960us                    -               -         -         -         -      576B  230.77MB/s  GeForce GTX 650         1         1  [CUDA memcpy DtoH]

Regs: Number of registers used per CUDA thread.
SSMem: Static shared memory allocated per CUDA block.
DSMem: Dynamic shared memory allocated per CUDA block.
==10680== NVPROF is profiling process 10680, command: ./gpubf -tl tester.bf
==10680== 160,19.728567 
Profiling application: ./gpubf -tl tester.bf
==10680== Profiling result:
   Start  Duration            Grid Size      Block Size     Regs*    SSMem*    DSMem*      Size  Throughput           Device   Context    Stream  Name
128.17ms  18.752us                    -               -         -         -         -  208.00KB  11.092GB/s  GeForce GTX 650         1         1  [CUDA memcpy HtoD]
128.44ms  19.7285s            (160 1 1)         (1 1 1)        29        0B        0B         -           -  GeForce GTX 650         1         1  kernel(int*, int*) [87]
19.8570s  2.4960us                    -               -         -         -         -      640B  256.41MB/s  GeForce GTX 650         1         1  [CUDA memcpy DtoH]

Regs: Number of registers used per CUDA thread.
SSMem: Static shared memory allocated per CUDA block.
DSMem: Dynamic shared memory allocated per CUDA block.
==10693== NVPROF is profiling process 10693, command: ./gpubf -tl tester.bf
176,19.972361 
==10693== Profiling application: ./gpubf -tl tester.bf
==10693== Profiling result:
   Start  Duration            Grid Size      Block Size     Regs*    SSMem*    DSMem*      Size  Throughput           Device   Context    Stream  Name
128.08ms  20.192us                    -               -         -         -         -  228.80KB  11.331GB/s  GeForce GTX 650         1         1  [CUDA memcpy HtoD]
128.36ms  19.9723s            (176 1 1)         (1 1 1)        29        0B        0B         -           -  GeForce GTX 650         1         1  kernel(int*, int*) [87]
20.1007s  2.4950us                    -               -         -         -         -      704B  282.16MB/s  GeForce GTX 650         1         1  [CUDA memcpy DtoH]

Regs: Number of registers used per CUDA thread.
SSMem: Static shared memory allocated per CUDA block.
DSMem: Dynamic shared memory allocated per CUDA block.
==10706== NVPROF is profiling process 10706, command: ./gpubf -tl tester.bf
192,20.225658 
==10706== Profiling application: ./gpubf -tl tester.bf
==10706== Profiling result:
   Start  Duration            Grid Size      Block Size     Regs*    SSMem*    DSMem*      Size  Throughput           Device   Context    Stream  Name
128.45ms  22.239us                    -               -         -         -         -  249.60KB  11.224GB/s  GeForce GTX 650         1         1  [CUDA memcpy HtoD]
128.72ms  20.2256s            (192 1 1)         (1 1 1)        29        0B        0B         -           -  GeForce GTX 650         1         1  kernel(int*, int*) [87]
20.3544s  2.4960us                    -               -         -         -         -      768B  307.69MB/s  GeForce GTX 650         1         1  [CUDA memcpy DtoH]

Regs: Number of registers used per CUDA thread.
SSMem: Static shared memory allocated per CUDA block.
DSMem: Dynamic shared memory allocated per CUDA block.
==10719== NVPROF is profiling process 10719, command: ./gpubf -tl tester.bf
208,25.969113 
==10719== Profiling application: ./gpubf -tl tester.bf
==10719== Profiling result:
   Start  Duration            Grid Size      Block Size     Regs*    SSMem*    DSMem*      Size  Throughput           Device   Context    Stream  Name
128.09ms  23.520us                    -               -         -         -         -  270.40KB  11.497GB/s  GeForce GTX 650         1         1  [CUDA memcpy HtoD]
128.36ms  25.9691s            (208 1 1)         (1 1 1)        29        0B        0B         -           -  GeForce GTX 650         1         1  kernel(int*, int*) [87]
26.0975s  2.5600us                    -               -         -         -         -      832B  325.00MB/s  GeForce GTX 650         1         1  [CUDA memcpy DtoH]

Regs: Number of registers used per CUDA thread.
SSMem: Static shared memory allocated per CUDA block.
DSMem: Dynamic shared memory allocated per CUDA block.
==10732== NVPROF is profiling process 10732, command: ./gpubf -tl tester.bf
224,26.340396 
==10732== Profiling application: ./gpubf -tl tester.bf
==10732== Profiling result:
   Start  Duration            Grid Size      Block Size     Regs*    SSMem*    DSMem*      Size  Throughput           Device   Context    Stream  Name
127.67ms  25.471us                    -               -         -         -         -  291.20KB  11.433GB/s  GeForce GTX 650         1         1  [CUDA memcpy HtoD]
127.95ms  26.3404s            (224 1 1)         (1 1 1)        29        0B        0B         -           -  GeForce GTX 650         1         1  kernel(int*, int*) [87]
26.4684s  2.5920us                    -               -         -         -         -      896B  345.68MB/s  GeForce GTX 650         1         1  [CUDA memcpy DtoH]

Regs: Number of registers used per CUDA thread.
SSMem: Static shared memory allocated per CUDA block.
DSMem: Dynamic shared memory allocated per CUDA block.
==10762== NVPROF is profiling process 10762, command: ./gpubf -tl tester.bf
240,26.534406 
==10762== Profiling application: ./gpubf -tl tester.bf
==10762== Profiling result:
   Start  Duration            Grid Size      Block Size     Regs*    SSMem*    DSMem*      Size  Throughput           Device   Context    Stream  Name
128.38ms  26.944us                    -               -         -         -         -  312.00KB  11.580GB/s  GeForce GTX 650         1         1  [CUDA memcpy HtoD]
128.65ms  26.5344s            (240 1 1)         (1 1 1)        29        0B        0B         -           -  GeForce GTX 650         1         1  kernel(int*, int*) [87]
26.6631s  2.5280us                    -               -         -         -         -      960B  379.75MB/s  GeForce GTX 650         1         1  [CUDA memcpy DtoH]

Regs: Number of registers used per CUDA thread.
SSMem: Static shared memory allocated per CUDA block.
DSMem: Dynamic shared memory allocated per CUDA block.
==10775== NVPROF is profiling process 10775, command: ./gpubf -tl tester.bf
256,27.019056 
==10775== Profiling application: ./gpubf -tl tester.bf
==10775== Profiling result:
   Start  Duration            Grid Size      Block Size     Regs*    SSMem*    DSMem*      Size  Throughput           Device   Context    Stream  Name
127.81ms  28.448us                    -               -         -         -         -  332.80KB  11.699GB/s  GeForce GTX 650         1         1  [CUDA memcpy HtoD]
128.09ms  27.0190s            (256 1 1)         (1 1 1)        29        0B        0B         -           -  GeForce GTX 650         1         1  kernel(int*, int*) [87]
27.1472s  2.5280us                    -               -         -         -         -  1.0240KB  405.06MB/s  GeForce GTX 650         1         1  [CUDA memcpy DtoH]

Regs: Number of registers used per CUDA thread.
SSMem: Static shared memory allocated per CUDA block.
DSMem: Dynamic shared memory allocated per CUDA block.
==10788== NVPROF is profiling process 10788, command: ./gpubf -tl tester.bf
272,32.497967 
==10788== Profiling application: ./gpubf -tl tester.bf
==10788== Profiling result:
   Start  Duration            Grid Size      Block Size     Regs*    SSMem*    DSMem*      Size  Throughput           Device   Context    Stream  Name
128.62ms  30.463us                    -               -         -         -         -  353.60KB  11.608GB/s  GeForce GTX 650         1         1  [CUDA memcpy HtoD]
128.89ms  32.4980s            (272 1 1)         (1 1 1)        29        0B        0B         -           -  GeForce GTX 650         1         1  kernel(int*, int*) [87]
32.6270s  2.5600us                    -               -         -         -         -  1.0880KB  425.00MB/s  GeForce GTX 650         1         1  [CUDA memcpy DtoH]

Regs: Number of registers used per CUDA thread.
SSMem: Static shared memory allocated per CUDA block.
DSMem: Dynamic shared memory allocated per CUDA block.
==10801== NVPROF is profiling process 10801, command: ./gpubf -tl tester.bf
288,32.912026 
==10801== Profiling application: ./gpubf -tl tester.bf
==10801== Profiling result:
   Start  Duration            Grid Size      Block Size     Regs*    SSMem*    DSMem*      Size  Throughput           Device   Context    Stream  Name
127.82ms  31.744us                    -               -         -         -         -  374.40KB  11.795GB/s  GeForce GTX 650         1         1  [CUDA memcpy HtoD]
128.10ms  32.9120s            (288 1 1)         (1 1 1)        29        0B        0B         -           -  GeForce GTX 650         1         1  kernel(int*, int*) [87]
33.0402s  2.5600us                    -               -         -         -         -  1.1520KB  450.00MB/s  GeForce GTX 650         1         1  [CUDA memcpy DtoH]

Regs: Number of registers used per CUDA thread.
SSMem: Static shared memory allocated per CUDA block.
DSMem: Dynamic shared memory allocated per CUDA block.
==10814== NVPROF is profiling process 10814, command: ./gpubf -tl tester.bf
304,33.330032 
==10814== Profiling application: ./gpubf -tl tester.bf
==10814== Profiling result:
   Start  Duration            Grid Size      Block Size     Regs*    SSMem*    DSMem*      Size  Throughput           Device   Context    Stream  Name
128.00ms  33.407us                    -               -         -         -         -  395.20KB  11.830GB/s  GeForce GTX 650         1         1  [CUDA memcpy HtoD]
128.27ms  33.3300s            (304 1 1)         (1 1 1)        29        0B        0B         -           -  GeForce GTX 650         1         1  kernel(int*, int*) [87]
33.4583s  2.5600us                    -               -         -         -         -  1.2160KB  475.00MB/s  GeForce GTX 650         1         1  [CUDA memcpy DtoH]

Regs: Number of registers used per CUDA thread.
SSMem: Static shared memory allocated per CUDA block.
DSMem: Dynamic shared memory allocated per CUDA block.
==10827== NVPROF is profiling process 10827, command: ./gpubf -tl tester.bf
320,33.695135 
==10827== Profiling application: ./gpubf -tl tester.bf
==10827== Profiling result:
   Start  Duration            Grid Size      Block Size     Regs*    SSMem*    DSMem*      Size  Throughput           Device   Context    Stream  Name
128.07ms  35.424us                    -               -         -         -         -  416.00KB  11.744GB/s  GeForce GTX 650         1         1  [CUDA memcpy HtoD]
128.34ms  33.6951s            (320 1 1)         (1 1 1)        29        0B        0B         -           -  GeForce GTX 650         1         1  kernel(int*, int*) [87]
33.8235s  2.5600us                    -               -         -         -         -  1.2800KB  500.00MB/s  GeForce GTX 650         1         1  [CUDA memcpy DtoH]

Regs: Number of registers used per CUDA thread.
SSMem: Static shared memory allocated per CUDA block.
DSMem: Dynamic shared memory allocated per CUDA block.
==10840== NVPROF is profiling process 10840, command: ./gpubf -tl tester.bf
336,39.156226 
==10840== Profiling application: ./gpubf -tl tester.bf
==10840== Profiling result:
   Start  Duration            Grid Size      Block Size     Regs*    SSMem*    DSMem*      Size  Throughput           Device   Context    Stream  Name
128.36ms  36.767us                    -               -         -         -         -  436.80KB  11.880GB/s  GeForce GTX 650         1         1  [CUDA memcpy HtoD]
128.63ms  39.1562s            (336 1 1)         (1 1 1)        29        0B        0B         -           -  GeForce GTX 650         1         1  kernel(int*, int*) [87]
39.2850s  2.5600us                    -               -         -         -         -  1.3440KB  525.00MB/s  GeForce GTX 650         1         1  [CUDA memcpy DtoH]

Regs: Number of registers used per CUDA thread.
SSMem: Static shared memory allocated per CUDA block.
DSMem: Dynamic shared memory allocated per CUDA block.
==10853== NVPROF is profiling process 10853, command: ./gpubf -tl tester.bf
352,39.513544 
==10853== Profiling application: ./gpubf -tl tester.bf
==10853== Profiling result:
   Start  Duration            Grid Size      Block Size     Regs*    SSMem*    DSMem*      Size  Throughput           Device   Context    Stream  Name
127.79ms  38.336us                    -               -         -         -         -  457.60KB  11.937GB/s  GeForce GTX 650         1         1  [CUDA memcpy HtoD]
128.06ms  39.5136s            (352 1 1)         (1 1 1)        29        0B        0B         -           -  GeForce GTX 650         1         1  kernel(int*, int*) [87]
39.6417s  2.5600us                    -               -         -         -         -  1.4080KB  550.00MB/s  GeForce GTX 650         1         1  [CUDA memcpy DtoH]

Regs: Number of registers used per CUDA thread.
SSMem: Static shared memory allocated per CUDA block.
DSMem: Dynamic shared memory allocated per CUDA block.
==10883== NVPROF is profiling process 10883, command: ./gpubf -tl tester.bf
368,39.755719 
==10883== Profiling application: ./gpubf -tl tester.bf
==10883== Profiling result:
   Start  Duration            Grid Size      Block Size     Regs*    SSMem*    DSMem*      Size  Throughput           Device   Context    Stream  Name
128.03ms  40.191us                    -               -         -         -         -  478.40KB  11.903GB/s  GeForce GTX 650         1         1  [CUDA memcpy HtoD]
128.31ms  39.7557s            (368 1 1)         (1 1 1)        29        0B        0B         -           -  GeForce GTX 650         1         1  kernel(int*, int*) [87]
39.8842s  2.5600us                    -               -         -         -         -  1.4720KB  575.00MB/s  GeForce GTX 650         1         1  [CUDA memcpy DtoH]

Regs: Number of registers used per CUDA thread.
SSMem: Static shared memory allocated per CUDA block.
DSMem: Dynamic shared memory allocated per CUDA block.
==10897== NVPROF is profiling process 10897, command: ./gpubf -tl tester.bf
384,40.414261 
==10897== Profiling application: ./gpubf -tl tester.bf
==10897== Profiling result:
   Start  Duration            Grid Size      Block Size     Regs*    SSMem*    DSMem*      Size  Throughput           Device   Context    Stream  Name
127.73ms  41.983us                    -               -         -         -         -  499.20KB  11.891GB/s  GeForce GTX 650         1         1  [CUDA memcpy HtoD]
128.00ms  40.4143s            (384 1 1)         (1 1 1)        29        0B        0B         -           -  GeForce GTX 650         1         1  kernel(int*, int*) [87]
40.5424s  2.5920us                    -               -         -         -         -  1.5360KB  592.59MB/s  GeForce GTX 650         1         1  [CUDA memcpy DtoH]

Regs: Number of registers used per CUDA thread.
SSMem: Static shared memory allocated per CUDA block.
DSMem: Dynamic shared memory allocated per CUDA block.
==10910== NVPROF is profiling process 10910, command: ./gpubf -tl tester.bf
400,45.575065 
==10910== Profiling application: ./gpubf -tl tester.bf
==10910== Profiling result:
   Start  Duration            Grid Size      Block Size     Regs*    SSMem*    DSMem*      Size  Throughput           Device   Context    Stream  Name
128.15ms  43.424us                    -               -         -         -         -  520.00KB  11.975GB/s  GeForce GTX 650         1         1  [CUDA memcpy HtoD]
128.42ms  45.5751s            (400 1 1)         (1 1 1)        29        0B        0B         -           -  GeForce GTX 650         1         1  kernel(int*, int*) [87]
45.7037s  2.5600us                    -               -         -         -         -  1.6000KB  625.00MB/s  GeForce GTX 650         1         1  [CUDA memcpy DtoH]

Regs: Number of registers used per CUDA thread.
SSMem: Static shared memory allocated per CUDA block.
DSMem: Dynamic shared memory allocated per CUDA block.
==10923== NVPROF is profiling process 10923, command: ./gpubf -tl tester.bf
416,46.087317 
==10923== Profiling application: ./gpubf -tl tester.bf
==10923== Profiling result:
   Start  Duration            Grid Size      Block Size     Regs*    SSMem*    DSMem*      Size  Throughput           Device   Context    Stream  Name
128.12ms  45.471us                    -               -         -         -         -  540.80KB  11.893GB/s  GeForce GTX 650         1         1  [CUDA memcpy HtoD]
128.40ms  46.0874s            (416 1 1)         (1 1 1)        29        0B        0B         -           -  GeForce GTX 650         1         1  kernel(int*, int*) [87]
46.2159s  2.5600us                    -               -         -         -         -  1.6640KB  650.00MB/s  GeForce GTX 650         1         1  [CUDA memcpy DtoH]

Regs: Number of registers used per CUDA thread.
SSMem: Static shared memory allocated per CUDA block.
DSMem: Dynamic shared memory allocated per CUDA block.
==10936== NVPROF is profiling process 10936, command: ./gpubf -tl tester.bf
432,46.373326 
==10936== Profiling application: ./gpubf -tl tester.bf
==10936== Profiling result:
   Start  Duration            Grid Size      Block Size     Regs*    SSMem*    DSMem*      Size  Throughput           Device   Context    Stream  Name
127.86ms  46.592us                    -               -         -         -         -  561.60KB  12.054GB/s  GeForce GTX 650         1         1  [CUDA memcpy HtoD]
128.14ms  46.3734s            (432 1 1)         (1 1 1)        29        0B        0B         -           -  GeForce GTX 650         1         1  kernel(int*, int*) [87]
46.5017s  2.5920us                    -               -         -         -         -  1.7280KB  666.67MB/s  GeForce GTX 650         1         1  [CUDA memcpy DtoH]

Regs: Number of registers used per CUDA thread.
SSMem: Static shared memory allocated per CUDA block.
DSMem: Dynamic shared memory allocated per CUDA block.
==10949== NVPROF is profiling process 10949, command: ./gpubf -tl tester.bf
448,47.280404 
==10949== Profiling application: ./gpubf -tl tester.bf
==10949== Profiling result:
   Start  Duration            Grid Size      Block Size     Regs*    SSMem*    DSMem*      Size  Throughput           Device   Context    Stream  Name
127.95ms  48.095us                    -               -         -         -         -  582.40KB  12.110GB/s  GeForce GTX 650         1         1  [CUDA memcpy HtoD]
128.22ms  47.2805s            (448 1 1)         (1 1 1)        29        0B        0B         -           -  GeForce GTX 650         1         1  kernel(int*, int*) [87]
47.4088s  2.6240us                    -               -         -         -         -  1.7920KB  682.93MB/s  GeForce GTX 650         1         1  [CUDA memcpy DtoH]

Regs: Number of registers used per CUDA thread.
SSMem: Static shared memory allocated per CUDA block.
DSMem: Dynamic shared memory allocated per CUDA block.
==10962== NVPROF is profiling process 10962, command: ./gpubf -tl tester.bf
464,52.231041 
==10962== Profiling application: ./gpubf -tl tester.bf
==10962== Profiling result:
   Start  Duration            Grid Size      Block Size     Regs*    SSMem*    DSMem*      Size  Throughput           Device   Context    Stream  Name
128.30ms  50.144us                    -               -         -         -         -  603.20KB  12.029GB/s  GeForce GTX 650         1         1  [CUDA memcpy HtoD]
128.57ms  52.2312s            (464 1 1)         (1 1 1)        29        0B        0B         -           -  GeForce GTX 650         1         1  kernel(int*, int*) [87]
52.3599s  2.5920us                    -               -         -         -         -  1.8560KB  716.05MB/s  GeForce GTX 650         1         1  [CUDA memcpy DtoH]

Regs: Number of registers used per CUDA thread.
SSMem: Static shared memory allocated per CUDA block.
DSMem: Dynamic shared memory allocated per CUDA block.
==10992== NVPROF is profiling process 10992, command: ./gpubf -tl tester.bf
480,52.755613 
==10992== Profiling application: ./gpubf -tl tester.bf
==10992== Profiling result:
   Start  Duration            Grid Size      Block Size     Regs*    SSMem*    DSMem*      Size  Throughput           Device   Context    Stream  Name
128.14ms  51.999us                    -               -         -         -         -  624.00KB  12.000GB/s  GeForce GTX 650         1         1  [CUDA memcpy HtoD]
128.42ms  52.7557s            (480 1 1)         (1 1 1)        29        0B        0B         -           -  GeForce GTX 650         1         1  kernel(int*, int*) [87]
52.8842s  2.5920us                    -               -         -         -         -  1.9200KB  740.74MB/s  GeForce GTX 650         1         1  [CUDA memcpy DtoH]

Regs: Number of registers used per CUDA thread.
SSMem: Static shared memory allocated per CUDA block.
DSMem: Dynamic shared memory allocated per CUDA block.
==11006== NVPROF is profiling process 11006, command: ./gpubf -tl tester.bf
496,53.052119 
==11006== Profiling application: ./gpubf -tl tester.bf
==11006== Profiling result:
   Start  Duration            Grid Size      Block Size     Regs*    SSMem*    DSMem*      Size  Throughput           Device   Context    Stream  Name
128.25ms  53.087us                    -               -         -         -         -  644.80KB  12.146GB/s  GeForce GTX 650         1         1  [CUDA memcpy HtoD]
128.53ms  53.0522s            (496 1 1)         (1 1 1)        29        0B        0B         -           -  GeForce GTX 650         1         1  kernel(int*, int*) [87]
53.1808s  2.6550us                    -               -         -         -         -  1.9840KB  747.27MB/s  GeForce GTX 650         1         1  [CUDA memcpy DtoH]

Regs: Number of registers used per CUDA thread.
SSMem: Static shared memory allocated per CUDA block.
DSMem: Dynamic shared memory allocated per CUDA block.
==11019== NVPROF is profiling process 11019, command: ./gpubf -tl tester.bf
512,53.886591 
==11019== Profiling application: ./gpubf -tl tester.bf
==11019== Profiling result:
   Start  Duration            Grid Size      Block Size     Regs*    SSMem*    DSMem*      Size  Throughput           Device   Context    Stream  Name
128.24ms  55.808us                    -               -         -         -         -  665.60KB  11.927GB/s  GeForce GTX 650         1         1  [CUDA memcpy HtoD]
128.51ms  53.8867s            (512 1 1)         (1 1 1)        29        0B        0B         -           -  GeForce GTX 650         1         1  kernel(int*, int*) [87]
54.0153s  2.7200us                    -               -         -         -         -  2.0480KB  752.94MB/s  GeForce GTX 650         1         1  [CUDA memcpy DtoH]

Regs: Number of registers used per CUDA thread.
SSMem: Static shared memory allocated per CUDA block.
DSMem: Dynamic shared memory allocated per CUDA block.
==11032== NVPROF is profiling process 11032, command: ./gpubf -tl tester.bf
528,59.025644 
==11032== Profiling application: ./gpubf -tl tester.bf
==11032== Profiling result:
   Start  Duration            Grid Size      Block Size     Regs*    SSMem*    DSMem*      Size  Throughput           Device   Context    Stream  Name
127.75ms  56.671us                    -               -         -         -         -  686.40KB  12.112GB/s  GeForce GTX 650         1         1  [CUDA memcpy HtoD]
128.03ms  59.0258s            (528 1 1)         (1 1 1)        29        0B        0B         -           -  GeForce GTX 650         1         1  kernel(int*, int*) [87]
59.1539s  2.6560us                    -               -         -         -         -  2.1120KB  795.18MB/s  GeForce GTX 650         1         1  [CUDA memcpy DtoH]

Regs: Number of registers used per CUDA thread.
SSMem: Static shared memory allocated per CUDA block.
DSMem: Dynamic shared memory allocated per CUDA block.
==11045== NVPROF is profiling process 11045, command: ./gpubf -tl tester.bf
544,59.202028 
==11045== Profiling application: ./gpubf -tl tester.bf
==11045== Profiling result:
   Start  Duration            Grid Size      Block Size     Regs*    SSMem*    DSMem*      Size  Throughput           Device   Context    Stream  Name
128.29ms  58.496us                    -               -         -         -         -  707.20KB  12.090GB/s  GeForce GTX 650         1         1  [CUDA memcpy HtoD]
128.56ms  59.2022s            (544 1 1)         (1 1 1)        29        0B        0B         -           -  GeForce GTX 650         1         1  kernel(int*, int*) [87]
59.3309s  2.6560us                    -               -         -         -         -  2.1760KB  819.28MB/s  GeForce GTX 650         1         1  [CUDA memcpy DtoH]

Regs: Number of registers used per CUDA thread.
SSMem: Static shared memory allocated per CUDA block.
DSMem: Dynamic shared memory allocated per CUDA block.
==11075== NVPROF is profiling process 11075, command: ./gpubf -tl tester.bf
560,59.604600 
==11075== Profiling application: ./gpubf -tl tester.bf
==11075== Profiling result:
   Start  Duration            Grid Size      Block Size     Regs*    SSMem*    DSMem*      Size  Throughput           Device   Context    Stream  Name
128.36ms  60.223us                    -               -         -         -         -  728.00KB  12.089GB/s  GeForce GTX 650         1         1  [CUDA memcpy HtoD]
128.64ms  59.6048s            (560 1 1)         (1 1 1)        29        0B        0B         -           -  GeForce GTX 650         1         1  kernel(int*, int*) [87]
59.7335s  2.5920us                    -               -         -         -         -  2.2400KB  864.20MB/s  GeForce GTX 650         1         1  [CUDA memcpy DtoH]

Regs: Number of registers used per CUDA thread.
SSMem: Static shared memory allocated per CUDA block.
DSMem: Dynamic shared memory allocated per CUDA block.
==11088== NVPROF is profiling process 11088, command: ./gpubf -tl tester.bf
576,60.604005 
==11088== Profiling application: ./gpubf -tl tester.bf
==11088== Profiling result:
   Start  Duration            Grid Size      Block Size     Regs*    SSMem*    DSMem*      Size  Throughput           Device   Context    Stream  Name
128.38ms  61.919us                    -               -         -         -         -  748.80KB  12.093GB/s  GeForce GTX 650         1         1  [CUDA memcpy HtoD]
128.66ms  60.6042s            (576 1 1)         (1 1 1)        29        0B        0B         -           -  GeForce GTX 650         1         1  kernel(int*, int*) [87]
60.7329s  2.5920us                    -               -         -         -         -  2.3040KB  888.89MB/s  GeForce GTX 650         1         1  [CUDA memcpy DtoH]

Regs: Number of registers used per CUDA thread.
SSMem: Static shared memory allocated per CUDA block.
DSMem: Dynamic shared memory allocated per CUDA block.
==11101== NVPROF is profiling process 11101, command: ./gpubf -tl tester.bf
592,65.402489 
==11101== Profiling application: ./gpubf -tl tester.bf
==11101== Profiling result:
   Start  Duration            Grid Size      Block Size     Regs*    SSMem*    DSMem*      Size  Throughput           Device   Context    Stream  Name
127.90ms  63.487us                    -               -         -         -         -  769.60KB  12.122GB/s  GeForce GTX 650         1         1  [CUDA memcpy HtoD]
128.18ms  65.4027s            (592 1 1)         (1 1 1)        29        0B        0B         -           -  GeForce GTX 650         1         1  kernel(int*, int*) [87]
65.5310s  2.6560us                    -               -         -         -         -  2.3680KB  891.57MB/s  GeForce GTX 650         1         1  [CUDA memcpy DtoH]

Regs: Number of registers used per CUDA thread.
SSMem: Static shared memory allocated per CUDA block.
DSMem: Dynamic shared memory allocated per CUDA block.
==11114== NVPROF is profiling process 11114, command: ./gpubf -tl tester.bf
608,65.813396 
==11114== Profiling application: ./gpubf -tl tester.bf
==11114== Profiling result:
   Start  Duration            Grid Size      Block Size     Regs*    SSMem*    DSMem*      Size  Throughput           Device   Context    Stream  Name
128.36ms  65.023us                    -               -         -         -         -  790.40KB  12.156GB/s  GeForce GTX 650         1         1  [CUDA memcpy HtoD]
128.64ms  65.8136s            (608 1 1)         (1 1 1)        29        0B        0B         -           -  GeForce GTX 650         1         1  kernel(int*, int*) [87]
65.9424s  2.6240us                    -               -         -         -         -  2.4320KB  926.83MB/s  GeForce GTX 650         1         1  [CUDA memcpy DtoH]

Regs: Number of registers used per CUDA thread.
SSMem: Static shared memory allocated per CUDA block.
DSMem: Dynamic shared memory allocated per CUDA block.
==11144== NVPROF is profiling process 11144, command: ./gpubf -tl tester.bf
624,66.185061 
==11144== Profiling application: ./gpubf -tl tester.bf
==11144== Profiling result:
   Start  Duration            Grid Size      Block Size     Regs*    SSMem*    DSMem*      Size  Throughput           Device   Context    Stream  Name
128.14ms  66.495us                    -               -         -         -         -  811.20KB  12.200GB/s  GeForce GTX 650         1         1  [CUDA memcpy HtoD]
128.42ms  66.1851s            (624 1 1)         (1 1 1)        29        0B        0B         -           -  GeForce GTX 650         1         1  kernel(int*, int*) [87]
66.3136s  2.6560us                    -               -         -         -         -  2.4960KB  939.76MB/s  GeForce GTX 650         1         1  [CUDA memcpy DtoH]

Regs: Number of registers used per CUDA thread.
SSMem: Static shared memory allocated per CUDA block.
DSMem: Dynamic shared memory allocated per CUDA block.
==11157== NVPROF is profiling process 11157, command: ./gpubf -tl tester.bf
640,67.320081 
==11157== Profiling application: ./gpubf -tl tester.bf
==11157== Profiling result:
   Start  Duration            Grid Size      Block Size     Regs*    SSMem*    DSMem*      Size  Throughput           Device   Context    Stream  Name
127.74ms  68.639us                    -               -         -         -         -  832.00KB  12.121GB/s  GeForce GTX 650         1         1  [CUDA memcpy HtoD]
128.02ms  67.3202s            (640 1 1)         (1 1 1)        29        0B        0B         -           -  GeForce GTX 650         1         1  kernel(int*, int*) [87]
67.4483s  2.6240us                    -               -         -         -         -  2.5600KB  975.61MB/s  GeForce GTX 650         1         1  [CUDA memcpy DtoH]

Regs: Number of registers used per CUDA thread.
SSMem: Static shared memory allocated per CUDA block.
DSMem: Dynamic shared memory allocated per CUDA block.
==11170== NVPROF is profiling process 11170, command: ./gpubf -tl tester.bf
==11170== Profiling application: ./gpubf -tl tester.bf
==11170== Warning: make sure cudaDeviceReset() is called before application exit to flush profile data.
======== Error: CUDA profiling error.
==11191== NVPROF is profiling process 11191, command: ./gpubf -tl tester.bf
==11191== Profiling application: ./gpubf -tl tester.bf
==11191== Warning: make sure cudaDeviceReset() is called before application exit to flush profile data.
======== Error: CUDA profiling error.
==11212== NVPROF is profiling process 11212, command: ./gpubf -tl tester.bf
